0/a3cservices.stanford.edu_lead_
0/aparc.stanford.edu_events_a_coup_for_democracy_in_thailand_thaksins_ouster_and_what_it_means
0/aparc.stanford.edu_events_a_new_phase_in_japanus_relations_building_a_new_world_order_after_the_economic_crisis
0/arts.stanford.edu_facultystaff
0/arts.stanford.edu_facultystaff_addingartists
0/ceas.stanford.edu_students_courses.php
0/classbooks.stanford.edu_
0/classof2015.stanford.edu_get_layout_g2s_SeniorGift
0/classx.stanford.edu_
0/classx.stanford.edu_ClassX_stanford_front_pages_Showcase_demos.php
0/cleanslate.stanford.edu_about_cleanslate.php
0/comm.stanford.edu_internships_rebele_fai_
0/comm.stanford.edu_journalism_curriculum_
0/comm.stanford.edu_journalism_faq_
0/comm.stanford.edu_undergrad_
0/comm160.stanford.edu_
0/comm360g.stanford.edu_
0/commencement.stanford.edu_ceremonies_
0/commencement.stanford.edu_ceremonies_baccalaureate_
0/commencement.stanford.edu_ceremonies_events_
0/commencement.stanford.edu_getting-around_parking_
0/commencement.stanford.edu_parents_
0/commencement.stanford.edu_schedule_
0/commencement.stanford.edu_traditions_archive_
0/comptop.stanford.edu_u_programs_jplex_files_doc_edu_stanford_math_plex_PlexSort.CompL.html
0/comptop.stanford.edu_u_programs_jplex_files_doc_edu_stanford_math_plex_SimplexStream.Head.html
0/computationalmodelingblogs.stanford.edu_winter2012_assignments_
0/conferences.stanford.edu_
0/continuingstudies.stanford.edu_policies_academiccalendar.php
0/continuingstudies.stanford.edu_policies_dropacourse.php
0/continuingstudies.stanford.edu_registration_auditing.php
0/continuingstudies.stanford.edu_registration_dropsandrefunds.php
0/continuingstudies.stanford.edu_registration_howtoregister.php
0/corporate.stanford.edu_
0/coursework-help.stanford.edu_request_support
0/coursework-help.stanford.edu_topics_syllabus
0/coverfest.stanford.edu_program.html
0/cpima.stanford.edu_education_ret_educational-resources-for-teachers_
0/cpima.stanford.edu_irgs_irg-1_thrust-1_
0/creatingaction.stanford.edu_
0/creativewriting.stanford.edu_wp-content_uploads_190V-App-Spring20121.pdf
0/creees.stanford.edu_events_sysyn.html
0/crgp.stanford.edu_news_global_projects_realnews_cyprus_new_airport_will_be_ready_ahead_of_time.html
0/crgp.stanford.edu_news_global_projects_realnews_infrastructure_funds_managing_financing_and_accounting_-_in_whose_interests.html
1/events.stanford.edu_events_295_29507_
1/events.stanford.edu_events_295_29509_
1/events.stanford.edu_events_295_29511_
1/events.stanford.edu_events_295_29513_
1/events.stanford.edu_events_295_29515_
1/events.stanford.edu_events_295_29527_
1/events.stanford.edu_events_296_29621_
1/events.stanford.edu_events_296_29641_
1/events.stanford.edu_events_296_29681_
1/events.stanford.edu_events_297_29779_
1/events.stanford.edu_events_299_29925_
1/events.stanford.edu_events_300_30091_
1/events.stanford.edu_events_301_30191_
1/events.stanford.edu_events_302_30201_
1/events.stanford.edu_events_302_30203_
1/events.stanford.edu_events_302_30205_
1/events.stanford.edu_events_302_30209_
1/events.stanford.edu_events_302_30211_
1/events.stanford.edu_events_302_30215_
1/events.stanford.edu_events_302_30221_
1/events.stanford.edu_events_302_30225_
1/events.stanford.edu_events_302_30227_
1/events.stanford.edu_events_302_30229_
1/events.stanford.edu_events_302_30231_
1/events.stanford.edu_events_302_30233_
1/events.stanford.edu_events_302_30235_
1/events.stanford.edu_events_302_30237_
1/events.stanford.edu_events_302_30239_
1/events.stanford.edu_events_304_30457_
1/events.stanford.edu_events_304_30469_
1/events.stanford.edu_events_307_30753_
1/events.stanford.edu_events_308_30847_
1/events.stanford.edu_events_308_30849_
1/events.stanford.edu_events_309_30933_
1/events.stanford.edu_events_309_30941_
1/events.stanford.edu_events_309_30945_
1/events.stanford.edu_events_309_30947_
1/events.stanford.edu_events_309_30949_
1/events.stanford.edu_events_309_30951_
1/events.stanford.edu_events_309_30953_
1/events.stanford.edu_events_309_30987_
1/events.stanford.edu_events_309_30989_
1/events.stanford.edu_events_310_31009_
1/events.stanford.edu_events_310_31025_
1/events.stanford.edu_events_310_31031_
1/events.stanford.edu_events_311_31127_
1/events.stanford.edu_events_311_31129_
1/events.stanford.edu_events_311_31131_
1/events.stanford.edu_events_311_31133_
1/events.stanford.edu_events_311_31135_
1/events.stanford.edu_events_311_31137_
1/events.stanford.edu_events_312_31257_
1/events.stanford.edu_events_313_31323_
1/events.stanford.edu_events_313_31347_
1/events.stanford.edu_events_313_31351_
1/events.stanford.edu_events_313_31375_
1/events.stanford.edu_events_314_31497_
1/events.stanford.edu_events_315_31501_
1/events.stanford.edu_events_82_8209_
1/events.stanford.edu_today_
1/exedonline.stanford.edu_coursematerial_upload_852_4491_PRIE%2520Postdocket%2520Article.pdf
1/expe.stanford.edu_index.php_Main_DesignWeek
1/expe.stanford.edu_index.php_Main_Schedule
1/explorecourses.stanford.edu_about
1/export.stanford.edu_encrypt_itar.html
1/extools.stanford.edu_sessions_2006-04-12-practices.html
1/extreme.stanford.edu_community_partners.html
1/extreme.stanford.edu_contact_
1/extreme.stanford.edu_course_
1/extreme.stanford.edu_course_application.html
1/extreme.stanford.edu_course_dates.html
1/extreme.stanford.edu_course_students.html
1/extreme.stanford.edu_impact_
1/faces.stanford.edu_cgi-bin_application_FAQ.pdf
1/faces.stanford.edu_cgi-bin_confinfo.php
1/faces.stanford.edu_cgi-bin_faq.php
1/facs.stanford.edu_
1/facts.stanford.edu_alumni.html
1/facts.stanford.edu_founding.html
1/faculty-gsb.stanford.edu_aaker_pages_BESTClassMaterials.html
1/faculty-gsb.stanford.edu_callander_POLECON670AdvancedTopicsinPoliticalEconomy.htm
1/faculty-gsb.stanford.edu_callander_POLECON680.htm
1/faculty-gsb.stanford.edu_guttentag_courses.html
1/faculty-gsb.stanford.edu_ishii_research.html
1/faculty-gsb.stanford.edu_reguant_reguant_cv.pdf
1/faculty-gsb.stanford.edu_strebulaev_teaching_MBACorpFin.html
1/facultydevelopment.stanford.edu_faculty_resources_classrooms-and-course-resources
1/facultydevelopment.stanford.edu_faculty_resources_handbooks-and-manuals
1/facultysenate.stanford.edu_memorial_resolutions_Meier_Gerald_SenD6537.pdf
1/facultysenate.stanford.edu_memorial_resolutions_Motwani_Rajeev_SenD6542.pdf
1/fairuse.stanford.edu_Copyright_and_Fair_Use_Overview_chapter7_index.html
1/fairuse.stanford.edu_primary_materials_cases_texaco_tex.html
1/finmath.stanford.edu_about.html
1/finmath.stanford.edu_jobs_recruiters.html
1/finmath.stanford.edu_seminars_docs_abstractFR.pdf
1/finmath.stanford.edu_seminars_seminar2006spring.html
1/fiz.stanford.edu_community_contributors
1/fluid.stanford.edu_class_cee200_classroom_dynamics.htm
1/fluid.stanford.edu_mccuencenter_mccuen.html
1/flybrain.stanford.edu_about
1/flybrain.stanford.edu_node_86
1/folding.stanford.edu_English_FAQ-flops
2/fsi.stanford.edu_events_education_under_fire_event_
2/hypernews.slac.stanford.edu_HyperNews_geant4_get_medical_app_213_2_1.html
2/hypernews.slac.stanford.edu_HyperNews_geant4_get_medical_app_290.html
2/hypernews.slac.stanford.edu_HyperNews_geant4_get_opticalphotons_311_1_1.html
2/hypernews.slac.stanford.edu_HyperNews_geant4_get_phys-list_679.html
2/hypernews.slac.stanford.edu_HyperNews_geant4_get_runmanage_5_1.html
2/hypernews.slac.stanford.edu_HyperNews_geant4_get_userinterface_77_1_1_1.html
2/hypernews.slac.stanford.edu_HyperNews_geant4_get_visualization_618.html
2/i2i.stanford.edu_footprint_act.htm
2/ica.stanford.edu_calendar_list_1219_today
2/ica.stanford.edu_news_2010-2011__ica_new_leaders
2/ica.stanford.edu_node_3513
2/icenter.stanford.edu_docs_orientation_academic-integrity-2011.pdf
2/icenter.stanford.edu_families_learning_english.html
2/icme.stanford.edu_history_golub.php
2/identity.stanford.edu_history_block.html
2/iis-db.stanford.edu_docs_401_Aquaculture_course_SP10.pdf
2/iis-db.stanford.edu_evnts_5109_Eichengreen_Flyer.pdf
2/iis-db.stanford.edu_evnts_5112_Suppan_Flyer.pdf
3/math.stanford.edu_seminars_deptcolloq11-12_colloq-11.html
3/math.stanford.edu_seminars_pastevents_Novikov_poster.pdf
3/math.stanford.edu_seminars_pastevents_youngmoduli_poster0308.pdf
3/maxchelator.stanford.edu_downloads.htm
3/mc.stanford.edu_Blow_up%2c_periodicity%2c_and_parametric_resonances_in_viscoelastic_shells
3/mc.stanford.edu_Gecko_Adhesion
3/med.stanford.edu_VAsimulator_links.htm
3/med.stanford.edu_somsafety_forms_hazwaste_tagfill.pdf
3/med.stanford.edu_somsafety_training.html
3/medblog.stanford.edu_lane-news_archives_2010_07_nih-comp-problem.html
3/mediax.stanford.edu_about.html
3/medicine.stanford.edu_about_chair_message.html
3/meyer.stanford.edu_
3/mips.stanford.edu_courses_pharmacokinetics_
3/mla.stanford.edu_newsletters_2010_04_2010_04_news.html
3/mla.stanford.edu_newsletters_2010_12_2010_12_news.html
3/mla.stanford.edu_newsletters_2011_04_2011_04_news.html
3/mla.stanford.edu_students.htm
3/mla.stanford.edu_students_teachers.htm
8/www.stanford.edu_dept_IUC_IUCprofexam.doc
8/www.stanford.edu_dept_IUC_IUCprofexam.pdf
8/www.stanford.edu_dept_IUC_Kanagawa%2520Shinbun%2520English.10.25.2010.pdf
8/www.stanford.edu_dept_IUC_summer.html
8/www.stanford.edu_dept_MSandE_cgi-bin_about_mission.php
8/www.stanford.edu_dept_MSandE_cgi-bin_people_faculty_giesecke_giesecke-teaching.php
8/www.stanford.edu_dept_MSandE_faculty_infanger_
8/www.stanford.edu_dept_MTL_cgi-bin_drupal_person_lisa-b-thompson
8/www.stanford.edu_dept_MTL_cgi-bin_drupal_person_richard-simpson
8/www.stanford.edu_dept_ORA_cardinal_certification_L1_coa.html
8/www.stanford.edu_dept_SLP_
8/www.stanford.edu_dept_URBS_
8/www.stanford.edu_dept_lc_arabic_resources_vocab.html
8/www.stanford.edu_dept_lc_cgi-bin_wiki_efs_ALC_reader.php
8/www.stanford.edu_dept_lc_efs_ALC_
8/www.stanford.edu_dept_news_stanfordtoday_ed_9609_9609smf201.shtml
8/www.stanford.edu_dept_news_stanfordtoday_ed_9611_9611sn02.shtml
8/www.stanford.edu_dept_news_stanfordtoday_ed_9701_9701fea102.shtml
8/www.stanford.edu_dept_physics_events_2009_reunion.html
8/www.stanford.edu_dept_physics_facilities_studentshop.html
8/www.stanford.edu_dept_physics_newsletter_1999_07commencement.html
8/www.stanford.edu_dept_physics_newsletter_96_chair.html
8/www.stanford.edu_dept_physics_newsletter_96_commencement.html
8/www.stanford.edu_dept_pres-provost_cgi-bin_irds_wordpress_
8/www.stanford.edu_dept_pres-provost_irds_ir_data_sharing.html
8/www.stanford.edu_dept_pres-provost_irds_ir_survey_research_survey_research.html
8/www.stanford.edu_dept_psychology_cgi-bin_drupalm_minor
8/www.stanford.edu_dept_rde_cgi-bin_drupal_dining_node_213
8/www.stanford.edu_dept_registrar_bulletin_past_index.html
8/www.stanford.edu_dept_scra_pilates.html
8/www.stanford.edu_dept_soc_coterminal_applyco.html
8/www.stanford.edu_dept_soc_doctoral_survey.html
8/www.stanford.edu_dept_soc_pdf_coursepol.pdf
8/www.stanford.edu_dept_soc_people_mrosenfeld_index.html
8/www.stanford.edu_dept_soc_programs_areas.html
8/www.stanford.edu_dept_soc_programs_coursepol.html
8/www.stanford.edu_dept_soc_undergraduate_corecurriculum.html
8/www.stanford.edu_dept_suma__news_room_Rodin_facts.html
9/www.stanford.edu_group_Zarelab_photos.html
9/www.stanford.edu_home_slideshow_slideshow4.html
9/www.stanford.edu_services_courses_topic-discussion.html
9/www.stanford.edu_services_courses_topic-emaillist.html
9/www.stanford.edu_services_courses_topic-enrollment.html
9/www.stanford.edu_services_courses_topic-syllabus.html
9/www2.slac.stanford.edu_tip_2004_jun04_winners.htm
9/www2.slac.stanford.edu_tip_2005_may20_panofsky.htm
9/yeas.stanford.edu_about
9/yourarthere.stanford.edu_exhibits.html
9/yuba.stanford.edu_vns_clack_
